{
  "timestamp" : "2022-10-30 10:42:37.011",
  "level" : "INFO",
  "thread" : "restartedMain",
  "logger" : "br.com.roberto2aj.apistarwars.ApiStarWarsApplication",
  "message" : "Starting ApiStarWarsApplication using Java 17.0.4.1 on roberto-Lenovo-B40-70 with PID 5884 (/home/roberto/Documentos/gitrepos/api-star-wars/target/classes started by roberto in /home/roberto/Documentos/gitrepos/api-star-wars)",
  "context" : "default"
}{
  "timestamp" : "2022-10-30 10:42:37.058",
  "level" : "DEBUG",
  "thread" : "restartedMain",
  "logger" : "br.com.roberto2aj.apistarwars.ApiStarWarsApplication",
  "message" : "Running with Spring Boot v2.7.5, Spring v5.3.23",
  "context" : "default"
}{
  "timestamp" : "2022-10-30 10:42:37.063",
  "level" : "INFO",
  "thread" : "restartedMain",
  "logger" : "br.com.roberto2aj.apistarwars.ApiStarWarsApplication",
  "message" : "No active profile set, falling back to 1 default profile: \"default\"",
  "context" : "default"
}{
  "timestamp" : "2022-10-30 10:42:37.279",
  "level" : "INFO",
  "thread" : "restartedMain",
  "logger" : "org.springframework.boot.devtools.env.DevToolsPropertyDefaultsPostProcessor",
  "message" : "Devtools property defaults active! Set 'spring.devtools.add-properties' to 'false' to disable",
  "context" : "default"
}{
  "timestamp" : "2022-10-30 10:42:37.281",
  "level" : "INFO",
  "thread" : "restartedMain",
  "logger" : "org.springframework.boot.devtools.env.DevToolsPropertyDefaultsPostProcessor",
  "message" : "For additional web related logging consider setting the 'logging.level.web' property to 'DEBUG'",
  "context" : "default"
}{
  "timestamp" : "2022-10-30 10:42:39.195",
  "level" : "INFO",
  "thread" : "restartedMain",
  "logger" : "org.springframework.data.repository.config.RepositoryConfigurationDelegate",
  "message" : "Bootstrapping Spring Data JPA repositories in DEFAULT mode.",
  "context" : "default"
}{
  "timestamp" : "2022-10-30 10:42:39.323",
  "level" : "INFO",
  "thread" : "restartedMain",
  "logger" : "org.springframework.data.repository.config.RepositoryConfigurationDelegate",
  "message" : "Finished Spring Data repository scanning in 101 ms. Found 2 JPA repository interfaces.",
  "context" : "default"
}{
  "timestamp" : "2022-10-30 10:42:41.017",
  "level" : "INFO",
  "thread" : "restartedMain",
  "logger" : "org.springframework.boot.web.embedded.tomcat.TomcatWebServer",
  "message" : "Tomcat initialized with port(s): 8080 (http)",
  "context" : "default"
}{
  "timestamp" : "2022-10-30 10:42:41.048",
  "level" : "INFO",
  "thread" : "restartedMain",
  "logger" : "org.apache.coyote.http11.Http11NioProtocol",
  "message" : "Initializing ProtocolHandler [\"http-nio-8080\"]",
  "context" : "default"
}{
  "timestamp" : "2022-10-30 10:42:41.053",
  "level" : "INFO",
  "thread" : "restartedMain",
  "logger" : "org.apache.catalina.core.StandardService",
  "message" : "Starting service [Tomcat]",
  "context" : "default"
}{
  "timestamp" : "2022-10-30 10:42:41.056",
  "level" : "INFO",
  "thread" : "restartedMain",
  "logger" : "org.apache.catalina.core.StandardEngine",
  "message" : "Starting Servlet engine: [Apache Tomcat/9.0.68]",
  "context" : "default"
}{
  "timestamp" : "2022-10-30 10:42:41.230",
  "level" : "INFO",
  "thread" : "restartedMain",
  "logger" : "org.apache.catalina.core.ContainerBase.[Tomcat].[localhost].[/]",
  "message" : "Initializing Spring embedded WebApplicationContext",
  "context" : "default"
}{
  "timestamp" : "2022-10-30 10:42:41.231",
  "level" : "INFO",
  "thread" : "restartedMain",
  "logger" : "org.springframework.boot.web.servlet.context.ServletWebServerApplicationContext",
  "message" : "Root WebApplicationContext: initialization completed in 3948 ms",
  "context" : "default"
}{
  "timestamp" : "2022-10-30 10:42:41.345",
  "level" : "INFO",
  "thread" : "restartedMain",
  "logger" : "com.zaxxer.hikari.HikariDataSource",
  "message" : "HikariPool-1 - Starting...",
  "context" : "default"
}{
  "timestamp" : "2022-10-30 10:42:42.004",
  "level" : "INFO",
  "thread" : "restartedMain",
  "logger" : "com.zaxxer.hikari.HikariDataSource",
  "message" : "HikariPool-1 - Start completed.",
  "context" : "default"
}{
  "timestamp" : "2022-10-30 10:42:42.061",
  "level" : "INFO",
  "thread" : "restartedMain",
  "logger" : "org.springframework.boot.autoconfigure.h2.H2ConsoleAutoConfiguration",
  "message" : "H2 console available at '/h2-console'. Database available at 'jdbc:h2:file:./database-files/data'",
  "context" : "default"
}{
  "timestamp" : "2022-10-30 10:42:42.430",
  "level" : "INFO",
  "thread" : "restartedMain",
  "logger" : "org.hibernate.jpa.internal.util.LogHelper",
  "message" : "HHH000204: Processing PersistenceUnitInfo [name: default]",
  "context" : "default"
}{
  "timestamp" : "2022-10-30 10:42:42.541",
  "level" : "INFO",
  "thread" : "restartedMain",
  "logger" : "org.hibernate.Version",
  "message" : "HHH000412: Hibernate ORM core version 5.6.12.Final",
  "context" : "default"
}{
  "timestamp" : "2022-10-30 10:42:42.904",
  "level" : "INFO",
  "thread" : "restartedMain",
  "logger" : "org.hibernate.annotations.common.Version",
  "message" : "HCANN000001: Hibernate Commons Annotations {5.1.2.Final}",
  "context" : "default"
}{
  "timestamp" : "2022-10-30 10:42:43.109",
  "level" : "INFO",
  "thread" : "restartedMain",
  "logger" : "org.hibernate.dialect.Dialect",
  "message" : "HHH000400: Using dialect: org.hibernate.dialect.H2Dialect",
  "context" : "default"
}{
  "timestamp" : "2022-10-30 10:42:44.309",
  "level" : "INFO",
  "thread" : "restartedMain",
  "logger" : "org.hibernate.engine.transaction.jta.platform.internal.JtaPlatformInitiator",
  "message" : "HHH000490: Using JtaPlatform implementation: [org.hibernate.engine.transaction.jta.platform.internal.NoJtaPlatform]",
  "context" : "default"
}{
  "timestamp" : "2022-10-30 10:42:44.325",
  "level" : "INFO",
  "thread" : "restartedMain",
  "logger" : "org.springframework.orm.jpa.LocalContainerEntityManagerFactoryBean",
  "message" : "Initialized JPA EntityManagerFactory for persistence unit 'default'",
  "context" : "default"
}{
  "timestamp" : "2022-10-30 10:42:45.307",
  "level" : "WARN",
  "thread" : "restartedMain",
  "logger" : "org.springframework.boot.autoconfigure.orm.jpa.JpaBaseConfiguration$JpaWebConfiguration",
  "message" : "spring.jpa.open-in-view is enabled by default. Therefore, database queries may be performed during view rendering. Explicitly configure spring.jpa.open-in-view to disable this warning",
  "context" : "default"
}{
  "timestamp" : "2022-10-30 10:42:47.366",
  "level" : "INFO",
  "thread" : "restartedMain",
  "logger" : "org.springframework.boot.devtools.autoconfigure.OptionalLiveReloadServer",
  "message" : "LiveReload server is running on port 35729",
  "context" : "default"
}{
  "timestamp" : "2022-10-30 10:42:47.419",
  "level" : "INFO",
  "thread" : "restartedMain",
  "logger" : "org.apache.coyote.http11.Http11NioProtocol",
  "message" : "Starting ProtocolHandler [\"http-nio-8080\"]",
  "context" : "default"
}{
  "timestamp" : "2022-10-30 10:42:47.464",
  "level" : "INFO",
  "thread" : "restartedMain",
  "logger" : "org.springframework.boot.web.embedded.tomcat.TomcatWebServer",
  "message" : "Tomcat started on port(s): 8080 (http) with context path ''",
  "context" : "default"
}{
  "timestamp" : "2022-10-30 10:42:47.503",
  "level" : "INFO",
  "thread" : "restartedMain",
  "logger" : "br.com.roberto2aj.apistarwars.ApiStarWarsApplication",
  "message" : "Started ApiStarWarsApplication in 11.776 seconds (JVM running for 13.058)",
  "context" : "default"
}{
  "timestamp" : "2022-10-30 10:43:06.173",
  "level" : "INFO",
  "thread" : "http-nio-8080-exec-1",
  "logger" : "org.apache.catalina.core.ContainerBase.[Tomcat].[localhost].[/]",
  "message" : "Initializing Spring DispatcherServlet 'dispatcherServlet'",
  "context" : "default"
}{
  "timestamp" : "2022-10-30 10:43:06.175",
  "level" : "INFO",
  "thread" : "http-nio-8080-exec-1",
  "logger" : "org.springframework.web.servlet.DispatcherServlet",
  "message" : "Initializing Servlet 'dispatcherServlet'",
  "context" : "default"
}{
  "timestamp" : "2022-10-30 10:43:06.179",
  "level" : "INFO",
  "thread" : "http-nio-8080-exec-1",
  "logger" : "org.springframework.web.servlet.DispatcherServlet",
  "message" : "Completed initialization in 3 ms",
  "context" : "default"
}{
  "timestamp" : "2022-10-30 10:43:07.633",
  "level" : "INFO",
  "thread" : "http-nio-8080-exec-3",
  "logger" : "org.springdoc.api.AbstractOpenApiResource",
  "message" : "Init duration for springdoc-openapi is: 732 ms",
  "context" : "default"
}{
  "timestamp" : "2022-10-30 10:43:12.284",
  "level" : "INFO",
  "thread" : "http-nio-8080-exec-4",
  "logger" : "br.com.roberto2aj.apistarwars.planet.PlanetService",
  "message" : "Teste.",
  "context" : "default"
}{
  "timestamp" : "2022-10-30 10:44:00.506",
  "level" : "INFO",
  "thread" : "SpringApplicationShutdownHook",
  "logger" : "org.springframework.orm.jpa.LocalContainerEntityManagerFactoryBean",
  "message" : "Closing JPA EntityManagerFactory for persistence unit 'default'",
  "context" : "default"
}{
  "timestamp" : "2022-10-30 10:44:00.514",
  "level" : "INFO",
  "thread" : "SpringApplicationShutdownHook",
  "logger" : "com.zaxxer.hikari.HikariDataSource",
  "message" : "HikariPool-1 - Shutdown initiated...",
  "context" : "default"
}{
  "timestamp" : "2022-10-30 10:44:00.519",
  "level" : "INFO",
  "thread" : "SpringApplicationShutdownHook",
  "logger" : "com.zaxxer.hikari.HikariDataSource",
  "message" : "HikariPool-1 - Shutdown completed.",
  "context" : "default"
}{
  "timestamp" : "2022-10-30 11:04:26.252",
  "level" : "INFO",
  "thread" : "restartedMain",
  "logger" : "br.com.roberto2aj.apistarwars.ApiStarWarsApplication",
  "message" : "Starting ApiStarWarsApplication using Java 17.0.4.1 on roberto-Lenovo-B40-70 with PID 7353 (/home/roberto/Documentos/gitrepos/api-star-wars/target/classes started by roberto in /home/roberto/Documentos/gitrepos/api-star-wars)",
  "context" : "default"
}{
  "timestamp" : "2022-10-30 11:04:26.293",
  "level" : "INFO",
  "thread" : "restartedMain",
  "logger" : "br.com.roberto2aj.apistarwars.ApiStarWarsApplication",
  "message" : "No active profile set, falling back to 1 default profile: \"default\"",
  "context" : "default"
}{
  "timestamp" : "2022-10-30 11:04:33.130",
  "level" : "WARN",
  "thread" : "restartedMain",
  "logger" : "org.springframework.boot.autoconfigure.orm.jpa.JpaBaseConfiguration$JpaWebConfiguration",
  "message" : "spring.jpa.open-in-view is enabled by default. Therefore, database queries may be performed during view rendering. Explicitly configure spring.jpa.open-in-view to disable this warning",
  "context" : "default"
}{
  "timestamp" : "2022-10-30 11:04:35.115",
  "level" : "INFO",
  "thread" : "restartedMain",
  "logger" : "br.com.roberto2aj.apistarwars.ApiStarWarsApplication",
  "message" : "Started ApiStarWarsApplication in 10.168 seconds (JVM running for 11.33)",
  "context" : "default"
}{
  "timestamp" : "2022-10-30 11:05:50.155",
  "level" : "INFO",
  "thread" : "http-nio-8080-exec-5",
  "logger" : "br.com.roberto2aj.apistarwars.planet.PlanetController",
  "message" : "Loading planet 7 into the database.",
  "context" : "default"
}{
  "timestamp" : "2022-10-30 11:05:50.216",
  "level" : "INFO",
  "thread" : "http-nio-8080-exec-5",
  "logger" : "br.com.roberto2aj.apistarwars.planet.PlanetService",
  "message" : "Checking if planet with id 7 exists in database",
  "context" : "default"
}{
  "timestamp" : "2022-10-30 11:05:50.290",
  "level" : "INFO",
  "thread" : "http-nio-8080-exec-5",
  "logger" : "br.com.roberto2aj.apistarwars.planet.PlanetService",
  "message" : "Loading planet with id {} from Swapi.",
  "context" : "default"
}{
  "timestamp" : "2022-10-30 11:06:43.678",
  "level" : "WARN",
  "thread" : "Thread-6",
  "logger" : "org.apache.catalina.loader.WebappClassLoaderBase",
  "message" : "The web application [ROOT] appears to have started a thread named [HttpClient-1-SelectorManager] but has failed to stop it. This is very likely to create a memory leak. Stack trace of thread:\n java.base@17.0.4.1/sun.nio.ch.EPoll.wait(Native Method)\n java.base@17.0.4.1/sun.nio.ch.EPollSelectorImpl.doSelect(EPollSelectorImpl.java:118)\n java.base@17.0.4.1/sun.nio.ch.SelectorImpl.lockAndDoSelect(SelectorImpl.java:129)\n java.base@17.0.4.1/sun.nio.ch.SelectorImpl.select(SelectorImpl.java:141)\n platform/java.net.http@17.0.4.1/jdk.internal.net.http.HttpClientImpl$SelectorManager.run(HttpClientImpl.java:889)",
  "context" : "default"
}{
  "timestamp" : "2022-10-30 11:06:43.680",
  "level" : "WARN",
  "thread" : "Thread-6",
  "logger" : "org.apache.catalina.loader.WebappClassLoaderBase",
  "message" : "The web application [ROOT] appears to have started a thread named [HttpClient-1-Worker-0] but has failed to stop it. This is very likely to create a memory leak. Stack trace of thread:\n java.base@17.0.4.1/jdk.internal.misc.Unsafe.park(Native Method)\n java.base@17.0.4.1/java.util.concurrent.locks.LockSupport.parkNanos(LockSupport.java:252)\n java.base@17.0.4.1/java.util.concurrent.SynchronousQueue$TransferStack.transfer(SynchronousQueue.java:401)\n java.base@17.0.4.1/java.util.concurrent.SynchronousQueue.poll(SynchronousQueue.java:903)\n java.base@17.0.4.1/java.util.concurrent.ThreadPoolExecutor.getTask(ThreadPoolExecutor.java:1061)\n java.base@17.0.4.1/java.util.concurrent.ThreadPoolExecutor.runWorker(ThreadPoolExecutor.java:1122)\n java.base@17.0.4.1/java.util.concurrent.ThreadPoolExecutor$Worker.run(ThreadPoolExecutor.java:635)\n java.base@17.0.4.1/java.lang.Thread.run(Thread.java:833)",
  "context" : "default"
}{
  "timestamp" : "2022-10-30 11:06:43.682",
  "level" : "WARN",
  "thread" : "Thread-6",
  "logger" : "org.apache.catalina.loader.WebappClassLoaderBase",
  "message" : "The web application [ROOT] appears to have started a thread named [HttpClient-1-Worker-1] but has failed to stop it. This is very likely to create a memory leak. Stack trace of thread:\n java.base@17.0.4.1/jdk.internal.misc.Unsafe.park(Native Method)\n java.base@17.0.4.1/java.util.concurrent.locks.LockSupport.parkNanos(LockSupport.java:252)\n java.base@17.0.4.1/java.util.concurrent.SynchronousQueue$TransferStack.transfer(SynchronousQueue.java:401)\n java.base@17.0.4.1/java.util.concurrent.SynchronousQueue.poll(SynchronousQueue.java:903)\n java.base@17.0.4.1/java.util.concurrent.ThreadPoolExecutor.getTask(ThreadPoolExecutor.java:1061)\n java.base@17.0.4.1/java.util.concurrent.ThreadPoolExecutor.runWorker(ThreadPoolExecutor.java:1122)\n java.base@17.0.4.1/java.util.concurrent.ThreadPoolExecutor$Worker.run(ThreadPoolExecutor.java:635)\n java.base@17.0.4.1/java.lang.Thread.run(Thread.java:833)",
  "context" : "default"
}{
  "timestamp" : "2022-10-30 11:06:43.684",
  "level" : "WARN",
  "thread" : "Thread-6",
  "logger" : "org.apache.catalina.loader.WebappClassLoaderBase",
  "message" : "The web application [ROOT] appears to have started a thread named [HttpClient-2-SelectorManager] but has failed to stop it. This is very likely to create a memory leak. Stack trace of thread:\n java.base@17.0.4.1/sun.nio.ch.EPoll.wait(Native Method)\n java.base@17.0.4.1/sun.nio.ch.EPollSelectorImpl.doSelect(EPollSelectorImpl.java:118)\n java.base@17.0.4.1/sun.nio.ch.SelectorImpl.lockAndDoSelect(SelectorImpl.java:129)\n java.base@17.0.4.1/sun.nio.ch.SelectorImpl.select(SelectorImpl.java:141)\n platform/java.net.http@17.0.4.1/jdk.internal.net.http.HttpClientImpl$SelectorManager.run(HttpClientImpl.java:889)",
  "context" : "default"
}{
  "timestamp" : "2022-10-30 11:06:43.686",
  "level" : "WARN",
  "thread" : "Thread-6",
  "logger" : "org.apache.catalina.loader.WebappClassLoaderBase",
  "message" : "The web application [ROOT] appears to have started a thread named [HttpClient-2-Worker-0] but has failed to stop it. This is very likely to create a memory leak. Stack trace of thread:\n java.base@17.0.4.1/jdk.internal.misc.Unsafe.park(Native Method)\n java.base@17.0.4.1/java.util.concurrent.locks.LockSupport.parkNanos(LockSupport.java:252)\n java.base@17.0.4.1/java.util.concurrent.SynchronousQueue$TransferStack.transfer(SynchronousQueue.java:401)\n java.base@17.0.4.1/java.util.concurrent.SynchronousQueue.poll(SynchronousQueue.java:903)\n java.base@17.0.4.1/java.util.concurrent.ThreadPoolExecutor.getTask(ThreadPoolExecutor.java:1061)\n java.base@17.0.4.1/java.util.concurrent.ThreadPoolExecutor.runWorker(ThreadPoolExecutor.java:1122)\n java.base@17.0.4.1/java.util.concurrent.ThreadPoolExecutor$Worker.run(ThreadPoolExecutor.java:635)\n java.base@17.0.4.1/java.lang.Thread.run(Thread.java:833)",
  "context" : "default"
}{
  "timestamp" : "2022-10-30 11:06:43.688",
  "level" : "WARN",
  "thread" : "Thread-6",
  "logger" : "org.apache.catalina.loader.WebappClassLoaderBase",
  "message" : "The web application [ROOT] appears to have started a thread named [HttpClient-2-Worker-1] but has failed to stop it. This is very likely to create a memory leak. Stack trace of thread:\n java.base@17.0.4.1/jdk.internal.misc.Unsafe.park(Native Method)\n java.base@17.0.4.1/java.util.concurrent.locks.LockSupport.parkNanos(LockSupport.java:252)\n java.base@17.0.4.1/java.util.concurrent.SynchronousQueue$TransferStack.transfer(SynchronousQueue.java:401)\n java.base@17.0.4.1/java.util.concurrent.SynchronousQueue.poll(SynchronousQueue.java:903)\n java.base@17.0.4.1/java.util.concurrent.ThreadPoolExecutor.getTask(ThreadPoolExecutor.java:1061)\n java.base@17.0.4.1/java.util.concurrent.ThreadPoolExecutor.runWorker(ThreadPoolExecutor.java:1122)\n java.base@17.0.4.1/java.util.concurrent.ThreadPoolExecutor$Worker.run(ThreadPoolExecutor.java:635)\n java.base@17.0.4.1/java.lang.Thread.run(Thread.java:833)",
  "context" : "default"
}{
  "timestamp" : "2022-10-30 11:06:43.950",
  "level" : "INFO",
  "thread" : "restartedMain",
  "logger" : "br.com.roberto2aj.apistarwars.ApiStarWarsApplication",
  "message" : "Starting ApiStarWarsApplication using Java 17.0.4.1 on roberto-Lenovo-B40-70 with PID 7353 (/home/roberto/Documentos/gitrepos/api-star-wars/target/classes started by roberto in /home/roberto/Documentos/gitrepos/api-star-wars)",
  "context" : "default"
}{
  "timestamp" : "2022-10-30 11:06:43.952",
  "level" : "INFO",
  "thread" : "restartedMain",
  "logger" : "br.com.roberto2aj.apistarwars.ApiStarWarsApplication",
  "message" : "No active profile set, falling back to 1 default profile: \"default\"",
  "context" : "default"
}{
  "timestamp" : "2022-10-30 11:06:45.127",
  "level" : "WARN",
  "thread" : "restartedMain",
  "logger" : "org.springframework.boot.autoconfigure.orm.jpa.JpaBaseConfiguration$JpaWebConfiguration",
  "message" : "spring.jpa.open-in-view is enabled by default. Therefore, database queries may be performed during view rendering. Explicitly configure spring.jpa.open-in-view to disable this warning",
  "context" : "default"
}{
  "timestamp" : "2022-10-30 11:06:46.029",
  "level" : "INFO",
  "thread" : "restartedMain",
  "logger" : "br.com.roberto2aj.apistarwars.ApiStarWarsApplication",
  "message" : "Started ApiStarWarsApplication in 2.178 seconds (JVM running for 142.244)",
  "context" : "default"
}{
  "timestamp" : "2022-10-30 11:07:27.712",
  "level" : "INFO",
  "thread" : "restartedMain",
  "logger" : "br.com.roberto2aj.apistarwars.ApiStarWarsApplication",
  "message" : "Starting ApiStarWarsApplication using Java 17.0.4.1 on roberto-Lenovo-B40-70 with PID 7353 (/home/roberto/Documentos/gitrepos/api-star-wars/target/classes started by roberto in /home/roberto/Documentos/gitrepos/api-star-wars)",
  "context" : "default"
}{
  "timestamp" : "2022-10-30 11:07:27.714",
  "level" : "INFO",
  "thread" : "restartedMain",
  "logger" : "br.com.roberto2aj.apistarwars.ApiStarWarsApplication",
  "message" : "No active profile set, falling back to 1 default profile: \"default\"",
  "context" : "default"
}{
  "timestamp" : "2022-10-30 11:07:28.865",
  "level" : "WARN",
  "thread" : "restartedMain",
  "logger" : "org.springframework.boot.autoconfigure.orm.jpa.JpaBaseConfiguration$JpaWebConfiguration",
  "message" : "spring.jpa.open-in-view is enabled by default. Therefore, database queries may be performed during view rendering. Explicitly configure spring.jpa.open-in-view to disable this warning",
  "context" : "default"
}{
  "timestamp" : "2022-10-30 11:07:29.696",
  "level" : "INFO",
  "thread" : "restartedMain",
  "logger" : "br.com.roberto2aj.apistarwars.ApiStarWarsApplication",
  "message" : "Started ApiStarWarsApplication in 2.085 seconds (JVM running for 185.911)",
  "context" : "default"
}{
  "timestamp" : "2022-10-30 11:08:21.344",
  "level" : "INFO",
  "thread" : "restartedMain",
  "logger" : "br.com.roberto2aj.apistarwars.ApiStarWarsApplication",
  "message" : "Starting ApiStarWarsApplication using Java 17.0.4.1 on roberto-Lenovo-B40-70 with PID 7353 (/home/roberto/Documentos/gitrepos/api-star-wars/target/classes started by roberto in /home/roberto/Documentos/gitrepos/api-star-wars)",
  "context" : "default"
}{
  "timestamp" : "2022-10-30 11:08:21.346",
  "level" : "INFO",
  "thread" : "restartedMain",
  "logger" : "br.com.roberto2aj.apistarwars.ApiStarWarsApplication",
  "message" : "No active profile set, falling back to 1 default profile: \"default\"",
  "context" : "default"
}{
  "timestamp" : "2022-10-30 11:08:22.329",
  "level" : "WARN",
  "thread" : "restartedMain",
  "logger" : "org.springframework.boot.autoconfigure.orm.jpa.JpaBaseConfiguration$JpaWebConfiguration",
  "message" : "spring.jpa.open-in-view is enabled by default. Therefore, database queries may be performed during view rendering. Explicitly configure spring.jpa.open-in-view to disable this warning",
  "context" : "default"
}{
  "timestamp" : "2022-10-30 11:08:23.216",
  "level" : "INFO",
  "thread" : "restartedMain",
  "logger" : "br.com.roberto2aj.apistarwars.ApiStarWarsApplication",
  "message" : "Started ApiStarWarsApplication in 1.926 seconds (JVM running for 239.431)",
  "context" : "default"
}{
  "timestamp" : "2022-10-30 11:08:28.804",
  "level" : "INFO",
  "thread" : "restartedMain",
  "logger" : "br.com.roberto2aj.apistarwars.ApiStarWarsApplication",
  "message" : "Starting ApiStarWarsApplication using Java 17.0.4.1 on roberto-Lenovo-B40-70 with PID 7353 (/home/roberto/Documentos/gitrepos/api-star-wars/target/classes started by roberto in /home/roberto/Documentos/gitrepos/api-star-wars)",
  "context" : "default"
}{
  "timestamp" : "2022-10-30 11:08:28.811",
  "level" : "INFO",
  "thread" : "restartedMain",
  "logger" : "br.com.roberto2aj.apistarwars.ApiStarWarsApplication",
  "message" : "No active profile set, falling back to 1 default profile: \"default\"",
  "context" : "default"
}{
  "timestamp" : "2022-10-30 11:08:29.716",
  "level" : "WARN",
  "thread" : "restartedMain",
  "logger" : "org.springframework.boot.autoconfigure.orm.jpa.JpaBaseConfiguration$JpaWebConfiguration",
  "message" : "spring.jpa.open-in-view is enabled by default. Therefore, database queries may be performed during view rendering. Explicitly configure spring.jpa.open-in-view to disable this warning",
  "context" : "default"
}{
  "timestamp" : "2022-10-30 11:08:30.328",
  "level" : "INFO",
  "thread" : "restartedMain",
  "logger" : "br.com.roberto2aj.apistarwars.ApiStarWarsApplication",
  "message" : "Started ApiStarWarsApplication in 1.584 seconds (JVM running for 246.543)",
  "context" : "default"
}{
  "timestamp" : "2022-10-30 11:09:39.021",
  "level" : "INFO",
  "thread" : "restartedMain",
  "logger" : "br.com.roberto2aj.apistarwars.ApiStarWarsApplication",
  "message" : "Starting ApiStarWarsApplication using Java 17.0.4.1 on roberto-Lenovo-B40-70 with PID 7353 (/home/roberto/Documentos/gitrepos/api-star-wars/target/classes started by roberto in /home/roberto/Documentos/gitrepos/api-star-wars)",
  "context" : "default"
}{
  "timestamp" : "2022-10-30 11:09:39.023",
  "level" : "INFO",
  "thread" : "restartedMain",
  "logger" : "br.com.roberto2aj.apistarwars.ApiStarWarsApplication",
  "message" : "No active profile set, falling back to 1 default profile: \"default\"",
  "context" : "default"
}{
  "timestamp" : "2022-10-30 11:09:40.085",
  "level" : "WARN",
  "thread" : "restartedMain",
  "logger" : "org.springframework.boot.autoconfigure.orm.jpa.JpaBaseConfiguration$JpaWebConfiguration",
  "message" : "spring.jpa.open-in-view is enabled by default. Therefore, database queries may be performed during view rendering. Explicitly configure spring.jpa.open-in-view to disable this warning",
  "context" : "default"
}{
  "timestamp" : "2022-10-30 11:09:40.647",
  "level" : "INFO",
  "thread" : "restartedMain",
  "logger" : "br.com.roberto2aj.apistarwars.ApiStarWarsApplication",
  "message" : "Started ApiStarWarsApplication in 1.685 seconds (JVM running for 316.862)",
  "context" : "default"
}